  [1m[35m (1.4ms)[0m  [1m[35mCREATE TABLE "schema_migrations" ("version" varchar NOT NULL PRIMARY KEY) /*application='DesafioConsumoApi'*/[0m
  [1m[35m (0.1ms)[0m  [1m[35mCREATE TABLE "ar_internal_metadata" ("key" varchar NOT NULL PRIMARY KEY, "value" varchar, "created_at" datetime(6) NOT NULL, "updated_at" datetime(6) NOT NULL) /*application='DesafioConsumoApi'*/[0m
  [1m[36mActiveRecord::InternalMetadata Load (0.1ms)[0m  [1m[34mSELECT * FROM "ar_internal_metadata" WHERE "ar_internal_metadata"."key" = 'environment' ORDER BY "ar_internal_metadata"."key" ASC LIMIT 1 /*application='DesafioConsumoApi'*/[0m
  [1m[36mActiveRecord::InternalMetadata Create (0.1ms)[0m  [1m[32mINSERT INTO "ar_internal_metadata" ("key", "value", "created_at", "updated_at") VALUES ('environment', 'development', '2026-01-11 15:33:12.815157', '2026-01-11 15:33:12.815159') RETURNING "key" /*application='DesafioConsumoApi'*/[0m
  [1m[36mActiveRecord::SchemaMigration Load (0.1ms)[0m  [1m[34mSELECT "schema_migrations"."version" FROM "schema_migrations" ORDER BY "schema_migrations"."version" ASC /*application='DesafioConsumoApi'*/[0m
Migrating to CreateTasks (20260111153218)
  [1m[36mTRANSACTION (0.1ms)[0m  [1m[35mBEGIN immediate TRANSACTION /*application='DesafioConsumoApi'*/[0m
  [1m[35m (0.9ms)[0m  [1m[35mCREATE TABLE "tasks" ("id" integer PRIMARY KEY AUTOINCREMENT NOT NULL, "title" varchar NOT NULL, "completed" boolean DEFAULT 0 NOT NULL, "external_user_name" varchar, "external_company" varchar, "external_city" varchar, "created_at" datetime(6) NOT NULL, "updated_at" datetime(6) NOT NULL) /*application='DesafioConsumoApi'*/[0m
  [1m[36mActiveRecord::SchemaMigration Create (0.1ms)[0m  [1m[32mINSERT INTO "schema_migrations" ("version") VALUES ('20260111153218') RETURNING "version" /*application='DesafioConsumoApi'*/[0m
  [1m[36mTRANSACTION (0.1ms)[0m  [1m[35mCOMMIT TRANSACTION /*application='DesafioConsumoApi'*/[0m
  [1m[36mActiveRecord::SchemaMigration Load (0.1ms)[0m  [1m[34mSELECT "schema_migrations"."version" FROM "schema_migrations" ORDER BY "schema_migrations"."version" ASC /*application='DesafioConsumoApi'*/[0m
  [1m[36mActiveRecord::SchemaMigration Load (0.0ms)[0m  [1m[34mSELECT "schema_migrations"."version" FROM "schema_migrations" ORDER BY "schema_migrations"."version" ASC /*application='DesafioConsumoApi'*/[0m
  [1m[36mTask Load (0.1ms)[0m  [1m[34mSELECT "tasks".* FROM "tasks" WHERE "tasks"."id" = 1 LIMIT 1 /*application='DesafioConsumoApi'*/[0m
  [1m[36mTRANSACTION (0.0ms)[0m  [1m[35mBEGIN immediate TRANSACTION /*application='DesafioConsumoApi'*/[0m
  [1m[36mTask Create (0.2ms)[0m  [1m[32mINSERT INTO "tasks" ("id", "title", "completed", "external_user_name", "external_company", "external_city", "created_at", "updated_at") VALUES (1, 'Minha primeira tarefa', 0, NULL, NULL, NULL, '2026-01-11 15:33:12.905557', '2026-01-11 15:33:12.905557') RETURNING "id" /*application='DesafioConsumoApi'*/[0m
  [1m[36mTRANSACTION (3.5ms)[0m  [1m[35mCOMMIT TRANSACTION /*application='DesafioConsumoApi'*/[0m
  [1m[36mActiveRecord::InternalMetadata Load (0.3ms)[0m  [1m[34mSELECT * FROM "ar_internal_metadata" WHERE "ar_internal_metadata"."key" = 'environment' ORDER BY "ar_internal_metadata"."key" ASC LIMIT 1 /*application='DesafioConsumoApi'*/[0m
  [1m[36mActiveRecord::SchemaMigration Load (0.1ms)[0m  [1m[34mSELECT "schema_migrations"."version" FROM "schema_migrations" ORDER BY "schema_migrations"."version" ASC /*application='DesafioConsumoApi'*/[0m
  [1m[36mActiveRecord::SchemaMigration Load (0.0ms)[0m  [1m[34mSELECT "schema_migrations"."version" FROM "schema_migrations" ORDER BY "schema_migrations"."version" ASC /*application='DesafioConsumoApi'*/[0m
  [1m[36mActiveRecord::SchemaMigration Load (0.0ms)[0m  [1m[34mSELECT "schema_migrations"."version" FROM "schema_migrations" ORDER BY "schema_migrations"."version" ASC /*application='DesafioConsumoApi'*/[0m
  [1m[36mTask Load (0.2ms)[0m  [1m[34mSELECT "tasks".* FROM "tasks" WHERE "tasks"."id" = 1 LIMIT 1 /*application='DesafioConsumoApi'*/[0m
Started GET "/" for 172.23.0.1 at 2026-01-11 15:51:24 +0000
Cannot render console from 172.23.0.1! Allowed networks: 127.0.0.0/127.255.255.255, ::1
  [1m[36mActiveRecord::SchemaMigration Load (0.5ms)[0m  [1m[34mSELECT "schema_migrations"."version" FROM "schema_migrations" ORDER BY "schema_migrations"."version" ASC /*application='DesafioConsumoApi'*/[0m
Processing by TasksController#show as HTML
  Parameters: {"id"=>1}
  [1m[36mTask Load (0.1ms)[0m  [1m[34mSELECT "tasks".* FROM "tasks" WHERE "tasks"."id" = 1 LIMIT 1 /*action='show',application='DesafioConsumoApi',controller='tasks'*/[0m
  ↳ app/controllers/tasks_controller.rb:24:in `set_task'
  Rendering layout layouts/application.html.erb
  Rendering tasks/show.html.erb within layouts/application
  Rendered tasks/show.html.erb within layouts/application (Duration: 27.4ms | GC: 1.8ms)
  Rendered layout layouts/application.html.erb (Duration: 34.9ms | GC: 1.8ms)
Completed 200 OK in 150ms (Views: 39.9ms | ActiveRecord: 1.5ms (1 query, 0 cached) | GC: 47.0ms)


Started GET "/serviceworker.js" for 172.23.0.1 at 2026-01-11 15:51:26 +0000
Cannot render console from 172.23.0.1! Allowed networks: 127.0.0.0/127.255.255.255, ::1
  
ActionController::RoutingError (No route matches [GET] "/serviceworker.js"):
  
Started GET "/serviceworker.js" for 172.23.0.1 at 2026-01-11 15:51:55 +0000
Cannot render console from 172.23.0.1! Allowed networks: 127.0.0.0/127.255.255.255, ::1
  
ActionController::RoutingError (No route matches [GET] "/serviceworker.js"):
  
  [1m[36mTask Load (0.1ms)[0m  [1m[34mSELECT "tasks".* FROM "tasks" ORDER BY "tasks"."id" ASC LIMIT 1 /*application='DesafioConsumoApi'*/[0m
Started POST "/tasks/1/sync" for 172.23.0.1 at 2026-01-11 15:53:13 +0000
Cannot render console from 172.23.0.1! Allowed networks: 127.0.0.0/127.255.255.255, ::1
Processing by TasksController#sync as TURBO_STREAM
  Parameters: {"id"=>"1"}
Can't verify CSRF token authenticity.
Completed 422 Unprocessable Content in 1ms (ActiveRecord: 0.0ms (0 queries, 0 cached) | GC: 0.0ms)


  
ActionController::InvalidAuthenticityToken (Can't verify CSRF token authenticity.):
  
actionpack (8.0.4) lib/action_controller/metal/request_forgery_protection.rb:314:in `handle_unverified_request'
actionpack (8.0.4) lib/action_controller/metal/request_forgery_protection.rb:408:in `handle_unverified_request'
actionpack (8.0.4) lib/action_controller/metal/request_forgery_protection.rb:397:in `verify_authenticity_token'
activesupport (8.0.4) lib/active_support/callbacks.rb:361:in `block in make_lambda'
activesupport (8.0.4) lib/active_support/callbacks.rb:178:in `block in call'
actionpack (8.0.4) lib/abstract_controller/callbacks.rb:34:in `block (2 levels) in <module:Callbacks>'
activesupport (8.0.4) lib/active_support/callbacks.rb:179:in `call'
activesupport (8.0.4) lib/active_support/callbacks.rb:559:in `block in invoke_before'
activesupport (8.0.4) lib/active_support/callbacks.rb:559:in `each'
activesupport (8.0.4) lib/active_support/callbacks.rb:559:in `invoke_before'
activesupport (8.0.4) lib/active_support/callbacks.rb:118:in `block in run_callbacks'
activesupport (8.0.4) lib/active_support/callbacks.rb:140:in `run_callbacks'
actionpack (8.0.4) lib/abstract_controller/callbacks.rb:260:in `process_action'
actionpack (8.0.4) lib/action_controller/metal/rescue.rb:27:in `process_action'
actionpack (8.0.4) lib/action_controller/metal/instrumentation.rb:76:in `block in process_action'
activesupport (8.0.4) lib/active_support/notifications.rb:210:in `block in instrument'
activesupport (8.0.4) lib/active_support/notifications/instrumenter.rb:58:in `instrument'
activesupport (8.0.4) lib/active_support/notifications.rb:210:in `instrument'
actionpack (8.0.4) lib/action_controller/metal/instrumentation.rb:75:in `process_action'
actionpack (8.0.4) lib/action_controller/metal/params_wrapper.rb:259:in `process_action'
activerecord (8.0.4) lib/active_record/railties/controller_runtime.rb:39:in `process_action'
actionpack (8.0.4) lib/abstract_controller/base.rb:152:in `process'
actionview (8.0.4) lib/action_view/rendering.rb:40:in `process'
actionpack (8.0.4) lib/action_controller/metal.rb:252:in `dispatch'
actionpack (8.0.4) lib/action_controller/metal.rb:335:in `dispatch'
actionpack (8.0.4) lib/action_dispatch/routing/route_set.rb:67:in `dispatch'
actionpack (8.0.4) lib/action_dispatch/routing/route_set.rb:50:in `serve'
actionpack (8.0.4) lib/action_dispatch/journey/router.rb:53:in `block in serve'
actionpack (8.0.4) lib/action_dispatch/journey/router.rb:133:in `block in find_routes'
actionpack (8.0.4) lib/action_dispatch/journey/router.rb:126:in `each'
actionpack (8.0.4) lib/action_dispatch/journey/router.rb:126:in `find_routes'
actionpack (8.0.4) lib/action_dispatch/journey/router.rb:34:in `serve'
actionpack (8.0.4) lib/action_dispatch/routing/route_set.rb:908:in `call'
railties (8.0.4) lib/rails/engine/lazy_route_set.rb:60:in `call'
rack (3.2.4) lib/rack/tempfile_reaper.rb:20:in `call'
rack (3.2.4) lib/rack/etag.rb:29:in `call'
rack (3.2.4) lib/rack/conditional_get.rb:44:in `call'
rack (3.2.4) lib/rack/head.rb:15:in `call'
actionpack (8.0.4) lib/action_dispatch/http/permissions_policy.rb:38:in `call'
actionpack (8.0.4) lib/action_dispatch/http/content_security_policy.rb:38:in `call'
rack-session (2.1.1) lib/rack/session/abstract/id.rb:274:in `context'
rack-session (2.1.1) lib/rack/session/abstract/id.rb:268:in `call'
actionpack (8.0.4) lib/action_dispatch/middleware/cookies.rb:706:in `call'
activerecord (8.0.4) lib/active_record/migration.rb:670:in `call'
actionpack (8.0.4) lib/action_dispatch/middleware/callbacks.rb:31:in `block in call'
activesupport (8.0.4) lib/active_support/callbacks.rb:100:in `run_callbacks'
actionpack (8.0.4) lib/action_dispatch/middleware/callbacks.rb:30:in `call'
actionpack (8.0.4) lib/action_dispatch/middleware/executor.rb:16:in `call'
actionpack (8.0.4) lib/action_dispatch/middleware/actionable_exceptions.rb:18:in `call'
actionpack (8.0.4) lib/action_dispatch/middleware/debug_exceptions.rb:31:in `call'
web-console (4.2.1) lib/web_console/middleware.rb:132:in `call_app'
web-console (4.2.1) lib/web_console/middleware.rb:19:in `block in call'
web-console (4.2.1) lib/web_console/middleware.rb:17:in `catch'
web-console (4.2.1) lib/web_console/middleware.rb:17:in `call'
actionpack (8.0.4) lib/action_dispatch/middleware/show_exceptions.rb:32:in `call'
railties (8.0.4) lib/rails/rack/logger.rb:41:in `call_app'
railties (8.0.4) lib/rails/rack/logger.rb:29:in `call'
actionpack (8.0.4) lib/action_dispatch/middleware/remote_ip.rb:96:in `call'
actionpack (8.0.4) lib/action_dispatch/middleware/request_id.rb:34:in `call'
rack (3.2.4) lib/rack/method_override.rb:28:in `call'
rack (3.2.4) lib/rack/runtime.rb:24:in `call'
actionpack (8.0.4) lib/action_dispatch/middleware/server_timing.rb:61:in `block in call'
actionpack (8.0.4) lib/action_dispatch/middleware/server_timing.rb:26:in `collect_events'
actionpack (8.0.4) lib/action_dispatch/middleware/server_timing.rb:60:in `call'
actionpack (8.0.4) lib/action_dispatch/middleware/executor.rb:16:in `call'
propshaft (1.3.1) lib/propshaft/server.rb:37:in `call'
actionpack (8.0.4) lib/action_dispatch/middleware/static.rb:27:in `call'
rack (3.2.4) lib/rack/sendfile.rb:131:in `call'
actionpack (8.0.4) lib/action_dispatch/middleware/host_authorization.rb:143:in `call'
railties (8.0.4) lib/rails/engine.rb:535:in `call'
puma (7.1.0) lib/puma/configuration.rb:300:in `call'
puma (7.1.0) lib/puma/request.rb:101:in `block in handle_request'
puma (7.1.0) lib/puma/thread_pool.rb:355:in `with_force_shutdown'
puma (7.1.0) lib/puma/request.rb:100:in `handle_request'
puma (7.1.0) lib/puma/server.rb:503:in `process_client'
puma (7.1.0) lib/puma/server.rb:262:in `block in run'
puma (7.1.0) lib/puma/thread_pool.rb:182:in `block in spawn_thread'
Started POST "/tasks/1/sync" for 172.23.0.1 at 2026-01-11 15:53:21 +0000
Cannot render console from 172.23.0.1! Allowed networks: 127.0.0.0/127.255.255.255, ::1
Processing by TasksController#sync as HTML
  Parameters: {"id"=>"1"}
Can't verify CSRF token authenticity.
Completed 422 Unprocessable Content in 1ms (ActiveRecord: 0.0ms (0 queries, 0 cached) | GC: 0.0ms)


  
ActionController::InvalidAuthenticityToken (Can't verify CSRF token authenticity.):
  
actionpack (8.0.4) lib/action_controller/metal/request_forgery_protection.rb:314:in `handle_unverified_request'
actionpack (8.0.4) lib/action_controller/metal/request_forgery_protection.rb:408:in `handle_unverified_request'
actionpack (8.0.4) lib/action_controller/metal/request_forgery_protection.rb:397:in `verify_authenticity_token'
activesupport (8.0.4) lib/active_support/callbacks.rb:361:in `block in make_lambda'
activesupport (8.0.4) lib/active_support/callbacks.rb:178:in `block in call'
actionpack (8.0.4) lib/abstract_controller/callbacks.rb:34:in `block (2 levels) in <module:Callbacks>'
activesupport (8.0.4) lib/active_support/callbacks.rb:179:in `call'
activesupport (8.0.4) lib/active_support/callbacks.rb:559:in `block in invoke_before'
activesupport (8.0.4) lib/active_support/callbacks.rb:559:in `each'
activesupport (8.0.4) lib/active_support/callbacks.rb:559:in `invoke_before'
activesupport (8.0.4) lib/active_support/callbacks.rb:118:in `block in run_callbacks'
activesupport (8.0.4) lib/active_support/callbacks.rb:140:in `run_callbacks'
actionpack (8.0.4) lib/abstract_controller/callbacks.rb:260:in `process_action'
actionpack (8.0.4) lib/action_controller/metal/rescue.rb:27:in `process_action'
actionpack (8.0.4) lib/action_controller/metal/instrumentation.rb:76:in `block in process_action'
activesupport (8.0.4) lib/active_support/notifications.rb:210:in `block in instrument'
activesupport (8.0.4) lib/active_support/notifications/instrumenter.rb:58:in `instrument'
activesupport (8.0.4) lib/active_support/notifications.rb:210:in `instrument'
actionpack (8.0.4) lib/action_controller/metal/instrumentation.rb:75:in `process_action'
actionpack (8.0.4) lib/action_controller/metal/params_wrapper.rb:259:in `process_action'
activerecord (8.0.4) lib/active_record/railties/controller_runtime.rb:39:in `process_action'
actionpack (8.0.4) lib/abstract_controller/base.rb:152:in `process'
actionview (8.0.4) lib/action_view/rendering.rb:40:in `process'
actionpack (8.0.4) lib/action_controller/metal.rb:252:in `dispatch'
actionpack (8.0.4) lib/action_controller/metal.rb:335:in `dispatch'
actionpack (8.0.4) lib/action_dispatch/routing/route_set.rb:67:in `dispatch'
actionpack (8.0.4) lib/action_dispatch/routing/route_set.rb:50:in `serve'
actionpack (8.0.4) lib/action_dispatch/journey/router.rb:53:in `block in serve'
actionpack (8.0.4) lib/action_dispatch/journey/router.rb:133:in `block in find_routes'
actionpack (8.0.4) lib/action_dispatch/journey/router.rb:126:in `each'
actionpack (8.0.4) lib/action_dispatch/journey/router.rb:126:in `find_routes'
actionpack (8.0.4) lib/action_dispatch/journey/router.rb:34:in `serve'
actionpack (8.0.4) lib/action_dispatch/routing/route_set.rb:908:in `call'
railties (8.0.4) lib/rails/engine/lazy_route_set.rb:60:in `call'
rack (3.2.4) lib/rack/tempfile_reaper.rb:20:in `call'
rack (3.2.4) lib/rack/etag.rb:29:in `call'
rack (3.2.4) lib/rack/conditional_get.rb:44:in `call'
rack (3.2.4) lib/rack/head.rb:15:in `call'
actionpack (8.0.4) lib/action_dispatch/http/permissions_policy.rb:38:in `call'
actionpack (8.0.4) lib/action_dispatch/http/content_security_policy.rb:38:in `call'
rack-session (2.1.1) lib/rack/session/abstract/id.rb:274:in `context'
rack-session (2.1.1) lib/rack/session/abstract/id.rb:268:in `call'
actionpack (8.0.4) lib/action_dispatch/middleware/cookies.rb:706:in `call'
activerecord (8.0.4) lib/active_record/migration.rb:670:in `call'
actionpack (8.0.4) lib/action_dispatch/middleware/callbacks.rb:31:in `block in call'
activesupport (8.0.4) lib/active_support/callbacks.rb:100:in `run_callbacks'
actionpack (8.0.4) lib/action_dispatch/middleware/callbacks.rb:30:in `call'
actionpack (8.0.4) lib/action_dispatch/middleware/executor.rb:16:in `call'
actionpack (8.0.4) lib/action_dispatch/middleware/actionable_exceptions.rb:18:in `call'
actionpack (8.0.4) lib/action_dispatch/middleware/debug_exceptions.rb:31:in `call'
web-console (4.2.1) lib/web_console/middleware.rb:132:in `call_app'
web-console (4.2.1) lib/web_console/middleware.rb:19:in `block in call'
web-console (4.2.1) lib/web_console/middleware.rb:17:in `catch'
web-console (4.2.1) lib/web_console/middleware.rb:17:in `call'
actionpack (8.0.4) lib/action_dispatch/middleware/show_exceptions.rb:32:in `call'
railties (8.0.4) lib/rails/rack/logger.rb:41:in `call_app'
railties (8.0.4) lib/rails/rack/logger.rb:29:in `call'
actionpack (8.0.4) lib/action_dispatch/middleware/remote_ip.rb:96:in `call'
actionpack (8.0.4) lib/action_dispatch/middleware/request_id.rb:34:in `call'
rack (3.2.4) lib/rack/method_override.rb:28:in `call'
rack (3.2.4) lib/rack/runtime.rb:24:in `call'
actionpack (8.0.4) lib/action_dispatch/middleware/server_timing.rb:61:in `block in call'
actionpack (8.0.4) lib/action_dispatch/middleware/server_timing.rb:26:in `collect_events'
actionpack (8.0.4) lib/action_dispatch/middleware/server_timing.rb:60:in `call'
actionpack (8.0.4) lib/action_dispatch/middleware/executor.rb:16:in `call'
propshaft (1.3.1) lib/propshaft/server.rb:37:in `call'
actionpack (8.0.4) lib/action_dispatch/middleware/static.rb:27:in `call'
rack (3.2.4) lib/rack/sendfile.rb:131:in `call'
actionpack (8.0.4) lib/action_dispatch/middleware/host_authorization.rb:143:in `call'
railties (8.0.4) lib/rails/engine.rb:535:in `call'
puma (7.1.0) lib/puma/configuration.rb:300:in `call'
puma (7.1.0) lib/puma/request.rb:101:in `block in handle_request'
puma (7.1.0) lib/puma/thread_pool.rb:355:in `with_force_shutdown'
puma (7.1.0) lib/puma/request.rb:100:in `handle_request'
puma (7.1.0) lib/puma/server.rb:503:in `process_client'
puma (7.1.0) lib/puma/server.rb:262:in `block in run'
puma (7.1.0) lib/puma/thread_pool.rb:182:in `block in spawn_thread'
